<?xml version="1.0" encoding="UTF-8"?>
<!-- Generated by org.testng.reporters.JUnitReportReporter -->
<testsuite hostname="LAPTOP-DLCP2JCN" failures="0" tests="1" name="com.waspshopkey.framework.tests.WebsiteVerificationTest" time="8.400" errors="0" timestamp="2024-04-19T19:34:07 IST" skipped="0">
  <testcase classname="com.waspshopkey.framework.tests.WebsiteVerificationTest" name="verifyTextAndImageAfterLogin" time="8.400"/>
</testsuite> <!-- com.waspshopkey.framework.tests.WebsiteVerificationTest -->
